<?xml version="1.0" encoding="UTF-8"?>
<!-- Generated by org.testng.reporters.JUnitReportReporter -->
<testsuite hostname="Arun" failures="0" tests="2" name="Test6" time="0.729" errors="0" timestamp="2023-04-24T15:43:16 IST" skipped="0">
  <testcase classname="Test6" name="readExcel" time="0.046"/>
  <system-out/>
  <testcase classname="Test6" name="WriteExcel" time="0.683"/>
  <system-out/>
</testsuite> <!-- Test6 -->
