<?xml version="1.0" encoding="UTF-8"?>
<!-- Generated by org.testng.reporters.JUnitReportReporter -->
<testsuite hostname="Arun" failures="0" tests="1" name="testNg.testNg1" time="0.001" errors="0" timestamp="2023-05-01T14:07:27 IST" skipped="0">
  <testcase classname="testNg.testNg1" name="test" time="0.001"/>
  <system-out/>
</testsuite> <!-- testNg.testNg1 -->
