<?xml version="1.0" encoding="UTF-8"?>
<!-- Generated by org.testng.reporters.JUnitReportReporter -->
<testsuite hostname="Arun" failures="0" tests="1" name="Test8" time="7.116" errors="0" timestamp="2023-05-01T13:47:21 IST" skipped="0">
  <testcase classname="Test8" name="test_ToDo_App" time="7.116"/>
  <system-out/>
</testsuite> <!-- Test8 -->
