<?xml version="1.0" encoding="UTF-8"?>
<!-- Generated by org.testng.reporters.JUnitReportReporter -->
<testsuite hostname="Arun" failures="0" tests="1" name="Test7" time="6.401" errors="0" timestamp="2023-04-24T16:46:45 IST" skipped="0">
  <testcase classname="Test7" name="scroll" time="6.401"/>
  <system-out/>
</testsuite> <!-- Test7 -->
